<?xml version="1.0" encoding="UTF-8" standalone="yes"?><!DOCTYPE report PUBLIC "-//JACOCO//DTD Report 1.1//EN" "report.dtd"><report name="MovieManager"><sessioninfo id="LAPTOP-BGLEADOC-47db1fea" start="1637245530134" dump="1637245540716"/><sessioninfo id="LAPTOP-BGLEADOC-181d4a47" start="1637246087795" dump="1637246099299"/><sessioninfo id="LAPTOP-BGLEADOC-44194d8c" start="1637246565611" dump="1637246584678"/><sessioninfo id="LAPTOP-BGLEADOC-30971fe8" start="1637246913359" dump="1637246925800"/><sessioninfo id="LAPTOP-BGLEADOC-6b43cc88" start="1637247217975" dump="1637247229366"/><sessioninfo id="LAPTOP-BGLEADOC-ba81bcac" start="1637247518435" dump="1637247527598"/><sessioninfo id="LAPTOP-BGLEADOC-691d90a7" start="1637394815262" dump="1637394844736"/><sessioninfo id="LAPTOP-BGLEADOC-ec5958ea" start="1637394843354" dump="1637394867526"/><sessioninfo id="LAPTOP-BGLEADOC-bc266b2f" start="1637395159618" dump="1637395171007"/><sessioninfo id="LAPTOP-BGLEADOC-74637416" start="1637396062043" dump="1637396085765"/><sessioninfo id="LAPTOP-BGLEADOC-48815a62" start="1637396873800" dump="1637396889529"/><sessioninfo id="LAPTOP-BGLEADOC-54b8aacb" start="1637397537674" dump="1637397549757"/><sessioninfo id="LAPTOP-BGLEADOC-b8dca8ad" start="1637398178380" dump="1637398190749"/><sessioninfo id="LAPTOP-BGLEADOC-464c99f7" start="1637399503240" dump="1637399544411"/><sessioninfo id="LAPTOP-BGLEADOC-35b68025" start="1637401106616" dump="1637401133224"/><package name="ru/netology/domain"><class name="ru/netology/domain/Movie" sourcefilename="Movie.java"/><sourcefile name="Movie.java"/></package><package name="ru/netology/manager"><class name="ru/netology/manager/MovieManager" sourcefilename="MovieManager.java"><method name="&lt;init&gt;" desc="(I)V" line="9"><counter type="INSTRUCTION" missed="0" covered="10"/><counter type="LINE" missed="0" covered="4"/><counter type="COMPLEXITY" missed="0" covered="1"/><counter type="METHOD" missed="0" covered="1"/></method><method name="&lt;init&gt;" desc="()V" line="9"><counter type="INSTRUCTION" missed="0" covered="10"/><counter type="LINE" missed="0" covered="4"/><counter type="COMPLEXITY" missed="0" covered="1"/><counter type="METHOD" missed="0" covered="1"/></method><method name="addMovie" desc="(Lru/netology/domain/Movie;)V" line="22"><counter type="INSTRUCTION" missed="0" covered="38"/><counter type="BRANCH" missed="0" covered="2"/><counter type="LINE" missed="0" covered="8"/><counter type="COMPLEXITY" missed="0" covered="2"/><counter type="METHOD" missed="0" covered="1"/></method><method name="getLastMovies" desc="()[Lru/netology/domain/Movie;" line="34"><counter type="INSTRUCTION" missed="0" covered="41"/><counter type="BRANCH" missed="0" covered="4"/><counter type="LINE" missed="0" covered="8"/><counter type="COMPLEXITY" missed="0" covered="3"/><counter type="METHOD" missed="0" covered="1"/></method><counter type="INSTRUCTION" missed="0" covered="99"/><counter type="BRANCH" missed="0" covered="6"/><counter type="LINE" missed="0" covered="23"/><counter type="COMPLEXITY" missed="0" covered="7"/><counter type="METHOD" missed="0" covered="4"/><counter type="CLASS" missed="0" covered="1"/></class><sourcefile name="MovieManager.java"><line nr="9" mi="0" ci="8" mb="0" cb="0"/><line nr="12" mi="0" ci="2" mb="0" cb="0"/><line nr="13" mi="0" ci="3" mb="0" cb="0"/><line nr="14" mi="0" ci="1" mb="0" cb="0"/><line nr="16" mi="0" ci="2" mb="0" cb="0"/><line nr="18" mi="0" ci="3" mb="0" cb="0"/><line nr="19" mi="0" ci="1" mb="0" cb="0"/><line nr="22" mi="0" ci="6" mb="0" cb="0"/><line nr="23" mi="0" ci="3" mb="0" cb="0"/><line nr="24" mi="0" ci="9" mb="0" cb="2"/><line nr="25" mi="0" ci="7" mb="0" cb="0"/><line nr="27" mi="0" ci="5" mb="0" cb="0"/><line nr="28" mi="0" ci="4" mb="0" cb="0"/><line nr="29" mi="0" ci="3" mb="0" cb="0"/><line nr="30" mi="0" ci="1" mb="0" cb="0"/><line nr="34" mi="0" ci="6" mb="0" cb="2"/><line nr="35" mi="0" ci="4" mb="0" cb="0"/><line nr="38" mi="0" ci="4" mb="0" cb="0"/><line nr="40" mi="0" ci="3" mb="0" cb="0"/><line nr="41" mi="0" ci="7" mb="0" cb="2"/><line nr="42" mi="0" ci="8" mb="0" cb="0"/><line nr="43" mi="0" ci="7" mb="0" cb="0"/><line nr="45" mi="0" ci="2" mb="0" cb="0"/><counter type="INSTRUCTION" missed="0" covered="99"/><counter type="BRANCH" missed="0" covered="6"/><counter type="LINE" missed="0" covered="23"/><counter type="COMPLEXITY" missed="0" covered="7"/><counter type="METHOD" missed="0" covered="4"/><counter type="CLASS" missed="0" covered="1"/></sourcefile><counter type="INSTRUCTION" missed="0" covered="99"/><counter type="BRANCH" missed="0" covered="6"/><counter type="LINE" missed="0" covered="23"/><counter type="COMPLEXITY" missed="0" covered="7"/><counter type="METHOD" missed="0" covered="4"/><counter type="CLASS" missed="0" covered="1"/></package><counter type="INSTRUCTION" missed="0" covered="99"/><counter type="BRANCH" missed="0" covered="6"/><counter type="LINE" missed="0" covered="23"/><counter type="COMPLEXITY" missed="0" covered="7"/><counter type="METHOD" missed="0" covered="4"/><counter type="CLASS" missed="0" covered="1"/></report>