<?xml version="1.0" encoding="UTF-8"?>
<testsuite xmlns:xsi="http://www.w3.org/2001/XMLSchema-instance" xsi:noNamespaceSchemaLocation="https://maven.apache.org/surefire/maven-surefire-plugin/xsd/surefire-test-report.xsd" name="ru.netology.manager.MovieManagerTest" time="1.224" tests="11" errors="0" skipped="0" failures="0">
  <properties>
[...]
</properties>
  <testcase name="shouldGetLast3MoviesInsteadOf5" classname="ru.netology.manager.MovieManagerTest" time="0.562"/>
  <testcase name="shouldAddNullMovie" classname="ru.netology.manager.MovieManagerTest" time="0.071"/>
  <testcase name="shouldGet5MoviesNoArgs" classname="ru.netology.manager.MovieManagerTest" time="0.01"/>
  <testcase name="shouldGetLast5MoviesOutOf10" classname="ru.netology.manager.MovieManagerTest" time="0"/>
  <testcase name="shouldAddOneMovieNoArgs" classname="ru.netology.manager.MovieManagerTest" time="0"/>
  <testcase name="shouldGetLast10Movies" classname="ru.netology.manager.MovieManagerTest" time="0.008"/>
  <testcase name="shouldGet5Movies" classname="ru.netology.manager.MovieManagerTest" time="0.01"/>
  <testcase name="shouldAddOneMovie" classname="ru.netology.manager.MovieManagerTest" time="0"/>
  <testcase name="shouldGetMoreThan10MoviesNoArgs" classname="ru.netology.manager.MovieManagerTest" time="0"/>
  <testcase name="shouldGetLast10MoviesNoArgs" classname="ru.netology.manager.MovieManagerTest" time="0"/>
  <testcase name="shouldGetMoreThan10Movies" classname="ru.netology.manager.MovieManagerTest" time="0.002"/>
</testsuite>